110001020222222222222222222222222222 -> 1111111
010001020222222222222222222222222222 -> 1110111
000001020222222222222222222222222222 -> 1111111
111220222022202220222022202220222022 -> 0000200
012121000102022221020222222222222222 -> 0112111
111210122012201220122012201220122012 -> 0000000
200121122022202220222022202220222022 -> 2222200
012220212102002220222222222222222222 -> 2202221
201101121012201220122012201220122012 -> 1111000
200220012112202220222022202220222022 -> 0222200
012220212101010200222220210202222222 -> 2102111
012220212100010200222220210202222222 -> 1012111
201200110112101220122012201220122012 -> 0111000
200220022021211220222022202220222022 -> 2022200
012220212102002121020222222222222222 -> 2202221
012220212102002021020222222222222222 -> 2012111
201200120011211210122012201220122012 -> 1011000
200220022022202121122022202220222022 -> 0022200
012220222022202220212102002220222022 -> 0000221
012220222022202220202102002220222022 -> 1102111
201200120012201121121012201220122012 -> 0011000
200220022022202220212112202220222022 -> 2202200
012220212102002220222021210202222222 -> 2002221
201200120012201220112112101220122012 -> 1101000
200220022022202220222021211220222022 -> 0202200
012220222022202220222022202121020022 -> 0000221
012220222022202220222022202021020022 -> 1002111
201200120012201220122011211210122012 -> 0101000
200220022022202220222022202121122022 -> 2002200
011220222022202220222022202220212100 -> 0000201
011220222022202220222022202220202100 -> 0001111
201200120012201220122012201121121012 -> 1001000
200220022022202220222022202220212112 -> 0002200
201200120012201220122012201220112111 -> 0001000
202220202122202220222022202220222022 -> 0222221
202220222020212220222022202220222022 -> 2022221
202220222022202021222022202220222022 -> 0022221
202220222022202220202122202220222022 -> 2202221
202220222022202220222020212220222022 -> 0202221
202220222022202220222022202021222022 -> 2002221
202220222022202220222022202220202122 -> 0002221
111001121022202220222022202220222022 -> 1111001
011111120022202220222022202220222022 -> 0000001
011210212112002220222022202220222022 -> 0000001
011210222021211200222022202220222022 -> 0000001
011210222022202121120022202220222022 -> 0000001
011210222022202220212112002220222022 -> 0000001
011210222022202220222021211200222022 -> 0000001
011210222022202220222022202121120022 -> 0000001
110021122212221222122212221222122212 -> 2222201
011121022212221222122212221222122212 -> 2222201
011222112102221222122212221222122212 -> 2222201
011222122211210222122212221222122212 -> 2222201
011222122212221121022212221222122212 -> 2222201
011222122212221222112102221222122212 -> 2222201
011222122212221222122211210222122212 -> 2222201
011222122212221222122212221121022212 -> 2222201
111101021012101210121012101210121011 -> 1111010
110111120012101210121012101210121011 -> 0000010
110210111112001210121012101210121011 -> 0000010
110210121011111200121012101210121011 -> 0000010
110210121012101111120012101210121011 -> 0000010
110210121012101210111112001210121011 -> 0000010
110210121012101210121011111200121011 -> 0000010
110210121012101210121012101111120011 -> 0000010
110210121012101210121012101210111110 -> 0000010
011212121212121212121212121212111120 -> 2220001
201101111112001220121012201220122012 -> 0111100
110101020022202220222022202220222022 -> 1110110
011001120212221222122212221222122212 -> 1110101
010011021222122212221222122212221221 -> 1110011
202220222022202220222022202220222000 -> 0000000
222220202100010202222222222222222222 -> 0112111
222220222022202021000102022222222222 -> 2012111
222220222020210200202102022222222222 -> 1012111
222220202102002220202102022222222222 -> 0112111
222220222022202021020220210202222222 -> 0012111
222220222022202021020220210001020222 -> 0012111
222220202102002222222222202021020222 -> 0112111
201200112112101121120012201220122012 -> 0011100
201200122011211210122011211200122012 -> 0101100
201200122012201121121012201121120012 -> 1001100
201200122012201220112111111200122012 -> 0101100
201200122012201121120012201121121012 -> 0011100
111111120012201220122012201220122012 -> 1111100

List of Undetected Faults:
(Empty)

Total Number of Faults = 998
Number of Undetected Faults = 0
Fault Coverage = 100.0%

