1111 -> 1

List of Undetected Faults:
Gate k (PO)  - input0 (k), S_A_1
Gate k (AND) - output, S_A_1
Gate k (AND) - input1 (j), S_A_1
Gate k (AND) - input0 (i), S_A_1
Gate j (OR)  - output, S_A_1
Gate j (OR)  - input1 (h), S_A_0
Gate j (OR)  - input0 (b), S_A_0
Gate h (AND) - output, S_A_1
Gate h (AND) - output, S_A_0
Gate h (AND) - input1 (d), S_A_1
Gate h (AND) - input0 (c), S_A_1
Gate i (OR)  - output, S_A_1
Gate i (OR)  - input1 (b), S_A_0
Gate i (OR)  - input0 (a), S_A_0
Gate d (PI)  - output, S_A_1
Gate d (PI)  - output, S_A_0
Gate c (PI)  - output, S_A_1
Gate c (PI)  - output, S_A_0
Gate b (PI)  - output, S_A_1
Gate b (PI)  - output, S_A_0
Gate a (PI)  - output, S_A_1
Gate a (PI)  - output, S_A_0

Total Number of Faults = 26
Number of Undetected Faults = 22
Fault Coverage = 15.3%

