22 -> 2

List of Undetected Faults:
Gate c (PO)  - input0 (c), S_A_1
Gate c (PO)  - input0 (c), S_A_0
Gate c (OR)  - output, S_A_1
Gate c (OR)  - output, S_A_0
Gate c (OR)  - input1 (j), S_A_0
Gate c (OR)  - input0 (i), S_A_0
Gate j (AND) - output, S_A_1
Gate j (AND) - output, S_A_0
Gate j (AND) - input1 (i), S_A_1
Gate j (AND) - input0 (e), S_A_1
Gate i (AND) - output, S_A_1
Gate i (AND) - output, S_A_0
Gate i (AND) - input1 (h), S_A_1
Gate i (AND) - input0 (g), S_A_1
Gate g (AND) - output, S_A_1
Gate g (AND) - output, S_A_0
Gate g (AND) - input1 (h), S_A_1
Gate g (AND) - input0 (d), S_A_1
Gate h (AND) - output, S_A_1
Gate h (AND) - output, S_A_0
Gate h (AND) - input1 (e), S_A_1
Gate h (AND) - input0 (f), S_A_1
Gate f (AND) - output, S_A_1
Gate f (AND) - output, S_A_0
Gate f (AND) - input1 (e), S_A_1
Gate f (AND) - input0 (d), S_A_1
Gate e (AND) - output, S_A_1
Gate e (AND) - output, S_A_0
Gate e (AND) - input1 (b), S_A_1
Gate e (AND) - input0 (b), S_A_1
Gate d (AND) - output, S_A_1
Gate d (AND) - output, S_A_0
Gate d (AND) - input1 (a), S_A_1
Gate d (AND) - input0 (a), S_A_1
Gate b (PI)  - output, S_A_1
Gate b (PI)  - output, S_A_0
Gate a (PI)  - output, S_A_1
Gate a (PI)  - output, S_A_0

Total Number of Faults = 38
Number of Undetected Faults = 38
Fault Coverage = 0.0%

